<?xml version="1.0" encoding="UTF-8"?>
<!-- Generated by org.testng.reporters.JUnitReportReporter -->
<testsuite skipped="0" hostname="LAPTOP-5NTJPE4K" name="test.Techfios_Test" tests="1" failures="0" timestamp="21 Sep 2019 19:45:34 GMT" time="16.183" errors="0">
  <testcase name="validUserShouldAbleToAddaCategory" time="16.183" classname="test.Techfios_Test"/>
</testsuite> <!-- test.Techfios_Test -->
